09-21 16:48:14.342   853  1020 D ThermalEngine: handle_timer_sig: SS Id SS-QUIET-THERM-GOLD2 Read sdm-therm 48766mC, Err -1766mC, SampleCnt 1
09-21 16:48:14.343   853  1020 D ThermalEngine: handle_timer_sig: SS Id SS-QUIET-THERM-GOLD Read sdm-therm 48766mC, Err -3766mC, SampleCnt 1
09-21 16:48:14.344   853  1020 D ThermalEngine: handle_timer_sig: SS Id SS-QUIET-THERM-SILVER3 Read sdm-therm 48766mC, Err -766mC, SampleCnt 1
09-21 16:48:14.346   853  1020 D ThermalEngine: handle_timer_sig: SS Id SS-QUIET-THERM-SILVER2 Read sdm-therm 48766mC, Err -2766mC, SampleCnt 1
09-21 16:48:14.347   853  1020 D ThermalEngine: handle_timer_sig: SS Id SS-QUIET-THERM-SILVER Read sdm-therm 48766mC, Err -4766mC, SampleCnt 1
09-21 16:48:16.349   853  1020 D ThermalEngine: handle_timer_sig: SS Id SS-QUIET-THERM-GOLD2 Read sdm-therm 48766mC, Err -1766mC, SampleCnt 1
09-21 16:48:16.350   853  1020 D ThermalEngine: handle_timer_sig: SS Id SS-QUIET-THERM-GOLD Read sdm-therm 48766mC, Err -3766mC, SampleCnt 1
09-21 16:48:16.352   853  1020 D ThermalEngine: handle_timer_sig: SS Id SS-QUIET-THERM-SILVER3 Read sdm-therm 48766mC, Err -766mC, SampleCnt 1
09-21 16:48:16.354   853  1020 D ThermalEngine: handle_timer_sig: SS Id SS-QUIET-THERM-SILVER2 Read sdm-therm 48766mC, Err -2766mC, SampleCnt 1
09-21 16:48:16.355   853  1020 D ThermalEngine: handle_timer_sig: SS Id SS-QUIET-THERM-SILVER Read sdm-therm 48766mC, Err -4766mC, SampleCnt 1
09-21 16:48:18.359   853  1020 D ThermalEngine: handle_timer_sig: SS Id SS-QUIET-THERM-GOLD2 Read sdm-therm 48766mC, Err -1766mC, SampleCnt 1
09-21 16:48:18.360   853  1020 D ThermalEngine: handle_timer_sig: SS Id SS-QUIET-THERM-GOLD Read sdm-therm 48766mC, Err -3766mC, SampleCnt 1
09-21 16:48:18.361   853  1020 D ThermalEngine: handle_timer_sig: SS Id SS-QUIET-THERM-SILVER3 Read sdm-therm 48766mC, Err -766mC, SampleCnt 1
09-21 16:48:18.362   853  1020 D ThermalEngine: handle_timer_sig: SS Id SS-QUIET-THERM-SILVER2 Read sdm-therm 48766mC, Err -2766mC, SampleCnt 1
09-21 16:48:18.364   853  1020 D ThermalEngine: handle_timer_sig: SS Id SS-QUIET-THERM-SILVER Read sdm-therm 48766mC, Err -4766mC, SampleCnt 1
09-21 16:48:20.366   853  1020 D ThermalEngine: handle_timer_sig: SS Id SS-QUIET-THERM-GOLD2 Read sdm-therm 48831mC, Err -1831mC, SampleCnt 1
09-21 16:48:20.367   853  1020 D ThermalEngine: handle_timer_sig: SS Id SS-QUIET-THERM-GOLD Read sdm-therm 48831mC, Err -3831mC, SampleCnt 1
09-21 16:48:20.368   853  1020 D ThermalEngine: handle_timer_sig: SS Id SS-QUIET-THERM-SILVER3 Read sdm-therm 48831mC, Err -831mC, SampleCnt 1
09-21 16:48:20.370   853  1020 D ThermalEngine: handle_timer_sig: SS Id SS-QUIET-THERM-SILVER2 Read sdm-therm 48831mC, Err -2831mC, SampleCnt 1
09-21 16:48:20.371   853  1020 D ThermalEngine: handle_timer_sig: SS Id SS-QUIET-THERM-SILVER Read sdm-therm 48831mC, Err -4831mC, SampleCnt 1
09-21 16:48:22.374   853  1020 D ThermalEngine: handle_timer_sig: SS Id SS-QUIET-THERM-GOLD2 Read sdm-therm 48831mC, Err -1831mC, SampleCnt 1
09-21 16:48:22.375   853  1020 D ThermalEngine: handle_timer_sig: SS Id SS-QUIET-THERM-GOLD Read sdm-therm 48831mC, Err -3831mC, SampleCnt 1
09-21 16:48:22.377   853  1020 D ThermalEngine: handle_timer_sig: SS Id SS-QUIET-THERM-SILVER3 Read sdm-therm 48831mC, Err -831mC, SampleCnt 1
09-21 16:48:22.379   853  1020 D ThermalEngine: handle_timer_sig: SS Id SS-QUIET-THERM-SILVER2 Read sdm-therm 48896mC, Err -2896mC, SampleCnt 1
09-21 16:48:22.380   853  1020 D ThermalEngine: handle_timer_sig: SS Id SS-QUIET-THERM-SILVER Read sdm-therm 48831mC, Err -4831mC, SampleCnt 1
09-21 16:48:24.383   853  1020 D ThermalEngine: handle_timer_sig: SS Id SS-QUIET-THERM-GOLD2 Read sdm-therm 48896mC, Err -1896mC, SampleCnt 1
09-21 16:48:24.384   853  1020 D ThermalEngine: handle_timer_sig: SS Id SS-QUIET-THERM-GOLD Read sdm-therm 48896mC, Err -3896mC, SampleCnt 1
09-21 16:48:24.385   853  1020 D ThermalEngine: handle_timer_sig: SS Id SS-QUIET-THERM-SILVER3 Read sdm-therm 48896mC, Err -896mC, SampleCnt 1
09-21 16:48:24.387   853  1020 D ThermalEngine: handle_timer_sig: SS Id SS-QUIET-THERM-SILVER2 Read sdm-therm 48896mC, Err -2896mC, SampleCnt 1
09-21 16:48:24.388   853  1020 D ThermalEngine: handle_timer_sig: SS Id SS-QUIET-THERM-SILVER Read sdm-therm 48896mC, Err -4896mC, SampleCnt 1
09-21 16:48:26.390   853  1020 D ThermalEngine: handle_timer_sig: SS Id SS-QUIET-THERM-GOLD2 Read sdm-therm 48831mC, Err -1831mC, SampleCnt 1
09-21 16:48:26.391   853  1020 D ThermalEngine: handle_timer_sig: SS Id SS-QUIET-THERM-GOLD Read sdm-therm 48831mC, Err -3831mC, SampleCnt 1
09-21 16:48:26.392   853  1020 D ThermalEngine: handle_timer_sig: SS Id SS-QUIET-THERM-SILVER3 Read sdm-therm 48831mC, Err -831mC, SampleCnt 1
09-21 16:48:26.394   853  1020 D ThermalEngine: handle_timer_sig: SS Id SS-QUIET-THERM-SILVER2 Read sdm-therm 48831mC, Err -2831mC, SampleCnt 1
09-21 16:48:26.395   853  1020 D ThermalEngine: handle_timer_sig: SS Id SS-QUIET-THERM-SILVER Read sdm-therm 48831mC, Err -4831mC, SampleCnt 1
09-21 16:48:28.397   853  1020 D ThermalEngine: handle_timer_sig: SS Id SS-QUIET-THERM-GOLD2 Read sdm-therm 48831mC, Err -1831mC, SampleCnt 1
09-21 16:48:28.399   853  1020 D ThermalEngine: handle_timer_sig: SS Id SS-QUIET-THERM-GOLD Read sdm-therm 48831mC, Err -3831mC, SampleCnt 1
09-21 16:48:28.411   853  1020 D ThermalEngine: handle_timer_sig: SS Id SS-QUIET-THERM-SILVER3 Read sdm-therm 48831mC, Err -831mC, SampleCnt 1
09-21 16:48:28.413   853  1020 D ThermalEngine: handle_timer_sig: SS Id SS-QUIET-THERM-SILVER2 Read sdm-therm 48831mC, Err -2831mC, SampleCnt 1
09-21 16:48:28.414   853  1020 D ThermalEngine: handle_timer_sig: SS Id SS-QUIET-THERM-SILVER Read sdm-therm 48831mC, Err -4831mC, SampleCnt 1
09-21 16:48:30.416   853  1020 D ThermalEngine: handle_timer_sig: SS Id SS-QUIET-THERM-GOLD2 Read sdm-therm 48831mC, Err -1831mC, SampleCnt 1
09-21 16:48:30.417   853  1020 D ThermalEngine: handle_timer_sig: SS Id SS-QUIET-THERM-GOLD Read sdm-therm 48831mC, Err -3831mC, SampleCnt 1
09-21 16:48:30.419   853  1020 D ThermalEngine: handle_timer_sig: SS Id SS-QUIET-THERM-SILVER3 Read sdm-therm 48831mC, Err -831mC, SampleCnt 1
09-21 16:48:30.421   853  1020 D ThermalEngine: handle_timer_sig: SS Id SS-QUIET-THERM-SILVER2 Read sdm-therm 48831mC, Err -2831mC, SampleCnt 1
09-21 16:48:30.424   853  1020 D ThermalEngine: handle_timer_sig: SS Id SS-QUIET-THERM-SILVER Read sdm-therm 48831mC, Err -4831mC, SampleCnt 1
09-21 16:48:32.426   853  1020 D ThermalEngine: handle_timer_sig: SS Id SS-QUIET-THERM-GOLD2 Read sdm-therm 48831mC, Err -1831mC, SampleCnt 1
09-21 16:48:32.427   853  1020 D ThermalEngine: handle_timer_sig: SS Id SS-QUIET-THERM-GOLD Read sdm-therm 48831mC, Err -3831mC, SampleCnt 1
09-21 16:48:32.428   853  1020 D ThermalEngine: handle_timer_sig: SS Id SS-QUIET-THERM-SILVER3 Read sdm-therm 48831mC, Err -831mC, SampleCnt 1
09-21 16:48:32.430   853  1020 D ThermalEngine: handle_timer_sig: SS Id SS-QUIET-THERM-SILVER2 Read sdm-therm 48831mC, Err -2831mC, SampleCnt 1
09-21 16:48:32.431   853  1020 D ThermalEngine: handle_timer_sig: SS Id SS-QUIET-THERM-SILVER Read sdm-therm 48831mC, Err -4831mC, SampleCnt 1
09-21 16:48:34.433   853  1020 D ThermalEngine: handle_timer_sig: SS Id SS-QUIET-THERM-GOLD2 Read sdm-therm 48766mC, Err -1766mC, SampleCnt 1
09-21 16:48:34.434   853  1020 D ThermalEngine: handle_timer_sig: SS Id SS-QUIET-THERM-GOLD Read sdm-therm 48766mC, Err -3766mC, SampleCnt 1
09-21 16:48:34.436   853  1020 D ThermalEngine: handle_timer_sig: SS Id SS-QUIET-THERM-SILVER3 Read sdm-therm 48766mC, Err -766mC, SampleCnt 1
09-21 16:48:34.437   853  1020 D ThermalEngine: handle_timer_sig: SS Id SS-QUIET-THERM-SILVER2 Read sdm-therm 48766mC, Err -2766mC, SampleCnt 1
09-21 16:48:34.439   853  1020 D ThermalEngine: handle_timer_sig: SS Id SS-QUIET-THERM-SILVER Read sdm-therm 48766mC, Err -4766mC, SampleCnt 1
09-21 16:48:35.436   586   638 W FrameworkListener: Handler 'getaddrinfo' error (Success)
09-21 16:48:36.442   853  1020 D ThermalEngine: handle_timer_sig: SS Id SS-QUIET-THERM-GOLD2 Read sdm-therm 48831mC, Err -1831mC, SampleCnt 1
09-21 16:48:36.444   853  1020 D ThermalEngine: handle_timer_sig: SS Id SS-QUIET-THERM-GOLD Read sdm-therm 48831mC, Err -3831mC, SampleCnt 1
09-21 16:48:36.445   853  1020 D ThermalEngine: handle_timer_sig: SS Id SS-QUIET-THERM-SILVER3 Read sdm-therm 48831mC, Err -831mC, SampleCnt 1
09-21 16:48:36.447   853  1020 D ThermalEngine: handle_timer_sig: SS Id SS-QUIET-THERM-SILVER2 Read sdm-therm 48831mC, Err -2831mC, SampleCnt 1
09-21 16:48:36.448   853  1020 D ThermalEngine: handle_timer_sig: SS Id SS-QUIET-THERM-SILVER Read sdm-therm 48831mC, Err -4831mC, SampleCnt 1
09-21 16:48:38.450   853  1020 D ThermalEngine: handle_timer_sig: SS Id SS-QUIET-THERM-GOLD2 Read sdm-therm 48766mC, Err -1766mC, SampleCnt 1
09-21 16:48:38.452   853  1020 D ThermalEngine: handle_timer_sig: SS Id SS-QUIET-THERM-GOLD Read sdm-therm 48766mC, Err -3766mC, SampleCnt 1
09-21 16:48:38.453   853  1020 D ThermalEngine: handle_timer_sig: SS Id SS-QUIET-THERM-SILVER3 Read sdm-therm 48766mC, Err -766mC, SampleCnt 1
09-21 16:48:38.454   853  1020 D ThermalEngine: handle_timer_sig: SS Id SS-QUIET-THERM-SILVER2 Read sdm-therm 48766mC, Err -2766mC, SampleCnt 1
09-21 16:48:38.456   853  1020 D ThermalEngine: handle_timer_sig: SS Id SS-QUIET-THERM-SILVER Read sdm-therm 48766mC, Err -4766mC, SampleCnt 1
09-21 16:48:40.458   853  1020 D ThermalEngine: handle_timer_sig: SS Id SS-QUIET-THERM-GOLD2 Read sdm-therm 48831mC, Err -1831mC, SampleCnt 1
09-21 16:48:40.459   853  1020 D ThermalEngine: handle_timer_sig: SS Id SS-QUIET-THERM-GOLD Read sdm-therm 48831mC, Err -3831mC, SampleCnt 1
09-21 16:48:40.461   853  1020 D ThermalEngine: handle_timer_sig: SS Id SS-QUIET-THERM-SILVER3 Read sdm-therm 48831mC, Err -831mC, SampleCnt 1
09-21 16:48:40.462   853  1020 D ThermalEngine: handle_timer_sig: SS Id SS-QUIET-THERM-SILVER2 Read sdm-therm 48831mC, Err -2831mC, SampleCnt 1
09-21 16:48:40.463   853  1020 D ThermalEngine: handle_timer_sig: SS Id SS-QUIET-THERM-SILVER Read sdm-therm 48831mC, Err -4831mC, SampleCnt 1
09-21 16:48:42.465   853  1020 D ThermalEngine: handle_timer_sig: SS Id SS-QUIET-THERM-GOLD2 Read sdm-therm 48766mC, Err -1766mC, SampleCnt 1
09-21 16:48:42.466   853  1020 D ThermalEngine: handle_timer_sig: SS Id SS-QUIET-THERM-GOLD Read sdm-therm 48766mC, Err -3766mC, SampleCnt 1
09-21 16:48:42.468   853  1020 D ThermalEngine: handle_timer_sig: SS Id SS-QUIET-THERM-SILVER3 Read sdm-therm 48766mC, Err -766mC, SampleCnt 1
09-21 16:48:42.470   853  1020 D ThermalEngine: handle_timer_sig: SS Id SS-QUIET-THERM-SILVER2 Read sdm-therm 48766mC, Err -2766mC, SampleCnt 1
09-21 16:48:42.471   853  1020 D ThermalEngine: handle_timer_sig: SS Id SS-QUIET-THERM-SILVER Read sdm-therm 48766mC, Err -4766mC, SampleCnt 1
09-21 16:48:44.473   853  1020 D ThermalEngine: handle_timer_sig: SS Id SS-QUIET-THERM-GOLD2 Read sdm-therm 48831mC, Err -1831mC, SampleCnt 1
09-21 16:48:44.475   853  1020 D ThermalEngine: handle_timer_sig: SS Id SS-QUIET-THERM-GOLD Read sdm-therm 48831mC, Err -3831mC, SampleCnt 1
09-21 16:48:44.476   853  1020 D ThermalEngine: handle_timer_sig: SS Id SS-QUIET-THERM-SILVER3 Read sdm-therm 48831mC, Err -831mC, SampleCnt 1
09-21 16:48:44.477   853  1020 D ThermalEngine: handle_timer_sig: SS Id SS-QUIET-THERM-SILVER2 Read sdm-therm 48766mC, Err -2766mC, SampleCnt 1
09-21 16:48:44.480   853  1020 D ThermalEngine: handle_timer_sig: SS Id SS-QUIET-THERM-SILVER Read sdm-therm 48831mC, Err -4831mC, SampleCnt 1
09-21 16:48:46.483   853  1020 D ThermalEngine: handle_timer_sig: SS Id SS-QUIET-THERM-GOLD2 Read sdm-therm 48766mC, Err -1766mC, SampleCnt 1
09-21 16:48:46.484   853  1020 D ThermalEngine: handle_timer_sig: SS Id SS-QUIET-THERM-GOLD Read sdm-therm 48831mC, Err -3831mC, SampleCnt 1
09-21 16:48:46.486   853  1020 D ThermalEngine: handle_timer_sig: SS Id SS-QUIET-THERM-SILVER3 Read sdm-therm 48831mC, Err -831mC, SampleCnt 1
09-21 16:48:46.488   853  1020 D ThermalEngine: handle_timer_sig: SS Id SS-QUIET-THERM-SILVER2 Read sdm-therm 48831mC, Err -2831mC, SampleCnt 1
09-21 16:48:46.489   853  1020 D ThermalEngine: handle_timer_sig: SS Id SS-QUIET-THERM-SILVER Read sdm-therm 48766mC, Err -4766mC, SampleCnt 1
09-21 16:48:48.492   853  1020 D ThermalEngine: handle_timer_sig: SS Id SS-QUIET-THERM-GOLD2 Read sdm-therm 48766mC, Err -1766mC, SampleCnt 1
09-21 16:48:48.493   853  1020 D ThermalEngine: handle_timer_sig: SS Id SS-QUIET-THERM-GOLD Read sdm-therm 48766mC, Err -3766mC, SampleCnt 1
09-21 16:48:48.495   853  1020 D ThermalEngine: handle_timer_sig: SS Id SS-QUIET-THERM-SILVER3 Read sdm-therm 48766mC, Err -766mC, SampleCnt 1
09-21 16:48:48.496   853  1020 D ThermalEngine: handle_timer_sig: SS Id SS-QUIET-THERM-SILVER2 Read sdm-therm 48831mC, Err -2831mC, SampleCnt 1
09-21 16:48:48.498   853  1020 D ThermalEngine: handle_timer_sig: SS Id SS-QUIET-THERM-SILVER Read sdm-therm 48766mC, Err -4766mC, SampleCnt 1
09-21 16:48:50.500   853  1020 D ThermalEngine: handle_timer_sig: SS Id SS-QUIET-THERM-GOLD2 Read sdm-therm 48831mC, Err -1831mC, SampleCnt 1
09-21 16:48:50.501   853  1020 D ThermalEngine: handle_timer_sig: SS Id SS-QUIET-THERM-GOLD Read sdm-therm 48766mC, Err -3766mC, SampleCnt 1
09-21 16:48:50.503   853  1020 D ThermalEngine: handle_timer_sig: SS Id SS-QUIET-THERM-SILVER3 Read sdm-therm 48831mC, Err -831mC, SampleCnt 1
09-21 16:48:50.504   853  1020 D ThermalEngine: handle_timer_sig: SS Id SS-QUIET-THERM-SILVER2 Read sdm-therm 48831mC, Err -2831mC, SampleCnt 1
09-21 16:48:50.505   853  1020 D ThermalEngine: handle_timer_sig: SS Id SS-QUIET-THERM-SILVER Read sdm-therm 48831mC, Err -4831mC, SampleCnt 1
09-21 16:48:52.507   853  1020 D ThermalEngine: handle_timer_sig: SS Id SS-QUIET-THERM-GOLD2 Read sdm-therm 48896mC, Err -1896mC, SampleCnt 1
09-21 16:48:52.508   853  1020 D ThermalEngine: handle_timer_sig: SS Id SS-QUIET-THERM-GOLD Read sdm-therm 48896mC, Err -3896mC, SampleCnt 1
09-21 16:48:52.509   853  1020 D ThermalEngine: handle_timer_sig: SS Id SS-QUIET-THERM-SILVER3 Read sdm-therm 48831mC, Err -831mC, SampleCnt 1
09-21 16:48:52.511   853  1020 D ThermalEngine: handle_timer_sig: SS Id SS-QUIET-THERM-SILVER2 Read sdm-therm 48831mC, Err -2831mC, SampleCnt 1
09-21 16:48:52.512   853  1020 D ThermalEngine: handle_timer_sig: SS Id SS-QUIET-THERM-SILVER Read sdm-therm 48896mC, Err -4896mC, SampleCnt 1
09-21 16:48:54.515   853  1020 D ThermalEngine: handle_timer_sig: SS Id SS-QUIET-THERM-GOLD2 Read sdm-therm 48896mC, Err -1896mC, SampleCnt 1
09-21 16:48:54.516   853  1020 D ThermalEngine: handle_timer_sig: SS Id SS-QUIET-THERM-GOLD Read sdm-therm 48831mC, Err -3831mC, SampleCnt 1
09-21 16:48:54.529   853  1020 D ThermalEngine: handle_timer_sig: SS Id SS-QUIET-THERM-SILVER3 Read sdm-therm 48896mC, Err -896mC, SampleCnt 1
09-21 16:48:54.531   853  1020 D ThermalEngine: handle_timer_sig: SS Id SS-QUIET-THERM-SILVER2 Read sdm-therm 48831mC, Err -2831mC, SampleCnt 1
09-21 16:48:54.532   853  1020 D ThermalEngine: handle_timer_sig: SS Id SS-QUIET-THERM-SILVER Read sdm-therm 48831mC, Err -4831mC, SampleCnt 1
09-21 16:48:56.535   853  1020 D ThermalEngine: handle_timer_sig: SS Id SS-QUIET-THERM-GOLD2 Read sdm-therm 48831mC, Err -1831mC, SampleCnt 1
09-21 16:48:56.537   853  1020 D ThermalEngine: handle_timer_sig: SS Id SS-QUIET-THERM-GOLD Read sdm-therm 48831mC, Err -3831mC, SampleCnt 1
09-21 16:48:56.538   853  1020 D ThermalEngine: handle_timer_sig: SS Id SS-QUIET-THERM-SILVER3 Read sdm-therm 48831mC, Err -831mC, SampleCnt 1
09-21 16:48:56.539   853  1020 D ThermalEngine: handle_timer_sig: SS Id SS-QUIET-THERM-SILVER2 Read sdm-therm 48831mC, Err -2831mC, SampleCnt 1
09-21 16:48:56.541   853  1020 D ThermalEngine: handle_timer_sig: SS Id SS-QUIET-THERM-SILVER Read sdm-therm 48831mC, Err -4831mC, SampleCnt 1
09-21 16:48:58.543   853  1020 D ThermalEngine: handle_timer_sig: SS Id SS-QUIET-THERM-GOLD2 Read sdm-therm 48831mC, Err -1831mC, SampleCnt 1
09-21 16:48:58.544   853  1020 D ThermalEngine: handle_timer_sig: SS Id SS-QUIET-THERM-GOLD Read sdm-therm 48831mC, Err -3831mC, SampleCnt 1
09-21 16:48:58.546   853  1020 D ThermalEngine: handle_timer_sig: SS Id SS-QUIET-THERM-SILVER3 Read sdm-therm 48831mC, Err -831mC, SampleCnt 1
09-21 16:48:58.547   853  1020 D ThermalEngine: handle_timer_sig: SS Id SS-QUIET-THERM-SILVER2 Read sdm-therm 48831mC, Err -2831mC, SampleCnt 1
09-21 16:48:58.548   853  1020 D ThermalEngine: handle_timer_sig: SS Id SS-QUIET-THERM-SILVER Read sdm-therm 48766mC, Err -4766mC, SampleCnt 1
09-21 16:49:00.551   853  1020 D ThermalEngine: handle_timer_sig: SS Id SS-QUIET-THERM-GOLD2 Read sdm-therm 48766mC, Err -1766mC, SampleCnt 1
09-21 16:49:00.552   853  1020 D ThermalEngine: handle_timer_sig: SS Id SS-QUIET-THERM-GOLD Read sdm-therm 48766mC, Err -3766mC, SampleCnt 1
09-21 16:49:00.554   853  1020 D ThermalEngine: handle_timer_sig: SS Id SS-QUIET-THERM-SILVER3 Read sdm-therm 48766mC, Err -766mC, SampleCnt 1
09-21 16:49:00.556   853  1020 D ThermalEngine: handle_timer_sig: SS Id SS-QUIET-THERM-SILVER2 Read sdm-therm 48766mC, Err -2766mC, SampleCnt 1
09-21 16:49:00.557   853  1020 D ThermalEngine: handle_timer_sig: SS Id SS-QUIET-THERM-SILVER Read sdm-therm 48766mC, Err -4766mC, SampleCnt 1
09-21 16:49:02.560   853  1020 D ThermalEngine: handle_timer_sig: SS Id SS-QUIET-THERM-GOLD2 Read sdm-therm 48766mC, Err -1766mC, SampleCnt 1
09-21 16:49:02.561   853  1020 D ThermalEngine: handle_timer_sig: SS Id SS-QUIET-THERM-GOLD Read sdm-therm 48766mC, Err -3766mC, SampleCnt 1
09-21 16:49:02.563   853  1020 D ThermalEngine: handle_timer_sig: SS Id SS-QUIET-THERM-SILVER3 Read sdm-therm 48766mC, Err -766mC, SampleCnt 1
09-21 16:49:02.564   853  1020 D ThermalEngine: handle_timer_sig: SS Id SS-QUIET-THERM-SILVER2 Read sdm-therm 48766mC, Err -2766mC, SampleCnt 1
09-21 16:49:02.565   853  1020 D ThermalEngine: handle_timer_sig: SS Id SS-QUIET-THERM-SILVER Read sdm-therm 48766mC, Err -4766mC, SampleCnt 1
09-21 16:49:04.568   853  1020 D ThermalEngine: handle_timer_sig: SS Id SS-QUIET-THERM-GOLD2 Read sdm-therm 48766mC, Err -1766mC, SampleCnt 1
09-21 16:49:04.570   853  1020 D ThermalEngine: handle_timer_sig: SS Id SS-QUIET-THERM-GOLD Read sdm-therm 48766mC, Err -3766mC, SampleCnt 1
09-21 16:49:04.572   853  1020 D ThermalEngine: handle_timer_sig: SS Id SS-QUIET-THERM-SILVER3 Read sdm-therm 48766mC, Err -766mC, SampleCnt 1
09-21 16:49:04.574   853  1020 D ThermalEngine: handle_timer_sig: SS Id SS-QUIET-THERM-SILVER2 Read sdm-therm 48766mC, Err -2766mC, SampleCnt 1
09-21 16:49:04.575   853  1020 D ThermalEngine: handle_timer_sig: SS Id SS-QUIET-THERM-SILVER Read sdm-therm 48766mC, Err -4766mC, SampleCnt 1
09-21 16:49:06.577   853  1020 D ThermalEngine: handle_timer_sig: SS Id SS-QUIET-THERM-GOLD2 Read sdm-therm 48766mC, Err -1766mC, SampleCnt 1
09-21 16:49:06.578   853  1020 D ThermalEngine: handle_timer_sig: SS Id SS-QUIET-THERM-GOLD Read sdm-therm 48766mC, Err -3766mC, SampleCnt 1
09-21 16:49:06.580   853  1020 D ThermalEngine: handle_timer_sig: SS Id SS-QUIET-THERM-SILVER3 Read sdm-therm 48766mC, Err -766mC, SampleCnt 1
09-21 16:49:06.581   853  1020 D ThermalEngine: handle_timer_sig: SS Id SS-QUIET-THERM-SILVER2 Read sdm-therm 48766mC, Err -2766mC, SampleCnt 1
09-21 16:49:06.583   853  1020 D ThermalEngine: handle_timer_sig: SS Id SS-QUIET-THERM-SILVER Read sdm-therm 48766mC, Err -4766mC, SampleCnt 1
09-21 16:49:08.585   853  1020 D ThermalEngine: handle_timer_sig: SS Id SS-QUIET-THERM-GOLD2 Read sdm-therm 48766mC, Err -1766mC, SampleCnt 1
09-21 16:49:08.586   853  1020 D ThermalEngine: handle_timer_sig: SS Id SS-QUIET-THERM-GOLD Read sdm-therm 48766mC, Err -3766mC, SampleCnt 1
09-21 16:49:08.588   853  1020 D ThermalEngine: handle_timer_sig: SS Id SS-QUIET-THERM-SILVER3 Read sdm-therm 48766mC, Err -766mC, SampleCnt 1
09-21 16:49:08.589   853  1020 D ThermalEngine: handle_timer_sig: SS Id SS-QUIET-THERM-SILVER2 Read sdm-therm 48766mC, Err -2766mC, SampleCnt 1
09-21 16:49:08.591   853  1020 D ThermalEngine: handle_timer_sig: SS Id SS-QUIET-THERM-SILVER Read sdm-therm 48766mC, Err -4766mC, SampleCnt 1
09-21 16:49:10.594   853  1020 D ThermalEngine: handle_timer_sig: SS Id SS-QUIET-THERM-GOLD2 Read sdm-therm 48766mC, Err -1766mC, SampleCnt 1
09-21 16:49:10.595   853  1020 D ThermalEngine: handle_timer_sig: SS Id SS-QUIET-THERM-GOLD Read sdm-therm 48766mC, Err -3766mC, SampleCnt 1
09-21 16:49:10.596   853  1020 D ThermalEngine: handle_timer_sig: SS Id SS-QUIET-THERM-SILVER3 Read sdm-therm 48766mC, Err -766mC, SampleCnt 1
09-21 16:49:10.598   853  1020 D ThermalEngine: handle_timer_sig: SS Id SS-QUIET-THERM-SILVER2 Read sdm-therm 48766mC, Err -2766mC, SampleCnt 1
09-21 16:49:10.599   853  1020 D ThermalEngine: handle_timer_sig: SS Id SS-QUIET-THERM-SILVER Read sdm-therm 48766mC, Err -4766mC, SampleCnt 1
09-21 16:49:12.602   853  1020 D ThermalEngine: handle_timer_sig: SS Id SS-QUIET-THERM-GOLD2 Read sdm-therm 48831mC, Err -1831mC, SampleCnt 1
09-21 16:49:12.603   853  1020 D ThermalEngine: handle_timer_sig: SS Id SS-QUIET-THERM-GOLD Read sdm-therm 48831mC, Err -3831mC, SampleCnt 1
09-21 16:49:12.605   853  1020 D ThermalEngine: handle_timer_sig: SS Id SS-QUIET-THERM-SILVER3 Read sdm-therm 48831mC, Err -831mC, SampleCnt 1
09-21 16:49:12.609   853  1020 D ThermalEngine: handle_timer_sig: SS Id SS-QUIET-THERM-SILVER2 Read sdm-therm 48831mC, Err -2831mC, SampleCnt 1
09-21 16:49:12.610   853  1020 D ThermalEngine: handle_timer_sig: SS Id SS-QUIET-THERM-SILVER Read sdm-therm 48831mC, Err -4831mC, SampleCnt 1
09-21 16:49:14.612   853  1020 D ThermalEngine: handle_timer_sig: SS Id SS-QUIET-THERM-GOLD2 Read sdm-therm 48766mC, Err -1766mC, SampleCnt 1
09-21 16:49:14.613   853  1020 D ThermalEngine: handle_timer_sig: SS Id SS-QUIET-THERM-GOLD Read sdm-therm 48766mC, Err -3766mC, SampleCnt 1
09-21 16:49:14.614   853  1020 D ThermalEngine: handle_timer_sig: SS Id SS-QUIET-THERM-SILVER3 Read sdm-therm 48766mC, Err -766mC, SampleCnt 1
09-21 16:49:14.616   853  1020 D ThermalEngine: handle_timer_sig: SS Id SS-QUIET-THERM-SILVER2 Read sdm-therm 48766mC, Err -2766mC, SampleCnt 1
09-21 16:49:14.618   853  1020 D ThermalEngine: handle_timer_sig: SS Id SS-QUIET-THERM-SILVER Read sdm-therm 48766mC, Err -4766mC, SampleCnt 1
09-21 16:49:16.620   853  1020 D ThermalEngine: handle_timer_sig: SS Id SS-QUIET-THERM-GOLD2 Read sdm-therm 48766mC, Err -1766mC, SampleCnt 1
09-21 16:49:16.621   853  1020 D ThermalEngine: handle_timer_sig: SS Id SS-QUIET-THERM-GOLD Read sdm-therm 48766mC, Err -3766mC, SampleCnt 1
09-21 16:49:16.623   853  1020 D ThermalEngine: handle_timer_sig: SS Id SS-QUIET-THERM-SILVER3 Read sdm-therm 48766mC, Err -766mC, SampleCnt 1
09-21 16:49:16.636   853  1020 D ThermalEngine: handle_timer_sig: SS Id SS-QUIET-THERM-SILVER2 Read sdm-therm 48766mC, Err -2766mC, SampleCnt 1
09-21 16:49:16.638   853  1020 D ThermalEngine: handle_timer_sig: SS Id SS-QUIET-THERM-SILVER Read sdm-therm 48766mC, Err -4766mC, SampleCnt 1
09-21 16:49:18.640   853  1020 D ThermalEngine: handle_timer_sig: SS Id SS-QUIET-THERM-GOLD2 Read sdm-therm 48701mC, Err -1701mC, SampleCnt 1
09-21 16:49:18.641   853  1020 D ThermalEngine: handle_timer_sig: SS Id SS-QUIET-THERM-GOLD Read sdm-therm 48701mC, Err -3701mC, SampleCnt 1
09-21 16:49:18.642   853  1020 D ThermalEngine: handle_timer_sig: SS Id SS-QUIET-THERM-SILVER3 Read sdm-therm 48701mC, Err -701mC, SampleCnt 1
09-21 16:49:18.644   853  1020 D ThermalEngine: handle_timer_sig: SS Id SS-QUIET-THERM-SILVER2 Read sdm-therm 48701mC, Err -2701mC, SampleCnt 1
09-21 16:49:18.645   853  1020 D ThermalEngine: handle_timer_sig: SS Id SS-QUIET-THERM-SILVER Read sdm-therm 48701mC, Err -4701mC, SampleCnt 1
