09-21 16:50:54.761   853  1020 D ThermalEngine: handle_timer_sig: SS Id SS-QUIET-THERM-GOLD3 Read sdm-therm 49090mC, Err -90mC, SampleCnt 1
09-21 16:50:54.763   853  1020 D ThermalEngine: handle_timer_sig: SS Id SS-QUIET-THERM-GOLD2 Read sdm-therm 49090mC, Err -2090mC, SampleCnt 1
09-21 16:50:54.764   853  1020 D ThermalEngine: handle_timer_sig: SS Id SS-QUIET-THERM-GOLD Read sdm-therm 49090mC, Err -4090mC, SampleCnt 1
09-21 16:50:54.766   853  1020 D ThermalEngine: handle_timer_sig: SS Id SS-QUIET-THERM-SILVER3 Read sdm-therm 49090mC, Err -1090mC, SampleCnt 1
09-21 16:50:54.767   853  1020 D ThermalEngine: handle_timer_sig: SS Id SS-QUIET-THERM-SILVER2 Read sdm-therm 49090mC, Err -3090mC, SampleCnt 1
09-21 16:50:54.768   853  1020 D ThermalEngine: handle_timer_sig: SS Id SS-QUIET-THERM-SILVER Read sdm-therm 49090mC, Err -5090mC, SampleCnt 1
09-21 16:50:56.771   853  1020 D ThermalEngine: handle_timer_sig: SS Id SS-QUIET-THERM-GOLD3 Read sdm-therm 48961mC, Err 39mC, SampleCnt 1
09-21 16:50:56.772   853  1020 D ThermalEngine: handle_timer_sig: SS Id SS-QUIET-THERM-GOLD2 Read sdm-therm 48961mC, Err -1961mC, SampleCnt 1
09-21 16:50:56.774   853  1020 D ThermalEngine: handle_timer_sig: SS Id SS-QUIET-THERM-GOLD Read sdm-therm 48961mC, Err -3961mC, SampleCnt 1
09-21 16:50:56.775   853  1020 D ThermalEngine: handle_timer_sig: SS Id SS-QUIET-THERM-SILVER3 Read sdm-therm 48961mC, Err -961mC, SampleCnt 1
09-21 16:50:56.776   853  1020 D ThermalEngine: handle_timer_sig: SS Id SS-QUIET-THERM-SILVER2 Read sdm-therm 48961mC, Err -2961mC, SampleCnt 1
09-21 16:50:56.781   853  1020 D ThermalEngine: handle_timer_sig: SS Id SS-QUIET-THERM-SILVER Read sdm-therm 48961mC, Err -4961mC, SampleCnt 1
09-21 16:50:58.783   853  1020 D ThermalEngine: handle_timer_sig: SS Id SS-QUIET-THERM-GOLD3 Read sdm-therm 48961mC, Err 39mC, SampleCnt 1
09-21 16:50:58.784   853  1020 D ThermalEngine: handle_thresh_sig: SS Id SS-QUIET-THERM-GOLD3, Read sdm-therm 48896mC
09-21 16:50:58.788   853   967 D ThermalEngine: sensor_monitor: sdm-therm Reading 48961 .
09-21 16:50:58.788   853  1020 D ThermalEngine: handle_timer_sig: SS Id SS-QUIET-THERM-GOLD2 Read sdm-therm 48896mC, Err -1896mC, SampleCnt 1
09-21 16:50:58.789   853  1020 D ThermalEngine: handle_timer_sig: SS Id SS-QUIET-THERM-GOLD Read sdm-therm 48896mC, Err -3896mC, SampleCnt 1
09-21 16:50:58.791   853  1020 D ThermalEngine: handle_timer_sig: SS Id SS-QUIET-THERM-SILVER3 Read sdm-therm 48961mC, Err -961mC, SampleCnt 1
09-21 16:50:58.792   853  1020 D ThermalEngine: handle_timer_sig: SS Id SS-QUIET-THERM-SILVER2 Read sdm-therm 48896mC, Err -2896mC, SampleCnt 1
09-21 16:50:58.793   853  1020 D ThermalEngine: handle_timer_sig: SS Id SS-QUIET-THERM-SILVER Read sdm-therm 48896mC, Err -4896mC, SampleCnt 1
09-21 16:51:00.795   853  1020 D ThermalEngine: handle_timer_sig: SS Id SS-QUIET-THERM-GOLD2 Read sdm-therm 48896mC, Err -1896mC, SampleCnt 1
09-21 16:51:00.797   853  1020 D ThermalEngine: handle_timer_sig: SS Id SS-QUIET-THERM-GOLD Read sdm-therm 48896mC, Err -3896mC, SampleCnt 1
09-21 16:51:00.798   853  1020 D ThermalEngine: handle_timer_sig: SS Id SS-QUIET-THERM-SILVER3 Read sdm-therm 48896mC, Err -896mC, SampleCnt 1
09-21 16:51:00.800   853  1020 D ThermalEngine: handle_timer_sig: SS Id SS-QUIET-THERM-SILVER2 Read sdm-therm 48896mC, Err -2896mC, SampleCnt 1
09-21 16:51:00.814   853  1020 D ThermalEngine: handle_timer_sig: SS Id SS-QUIET-THERM-SILVER Read sdm-therm 48896mC, Err -4896mC, SampleCnt 1
09-21 16:51:02.816   853  1020 D ThermalEngine: handle_timer_sig: SS Id SS-QUIET-THERM-GOLD2 Read sdm-therm 48896mC, Err -1896mC, SampleCnt 1
09-21 16:51:02.817   853  1020 D ThermalEngine: handle_timer_sig: SS Id SS-QUIET-THERM-GOLD Read sdm-therm 48896mC, Err -3896mC, SampleCnt 1
09-21 16:51:02.818   853  1020 D ThermalEngine: handle_timer_sig: SS Id SS-QUIET-THERM-SILVER3 Read sdm-therm 48896mC, Err -896mC, SampleCnt 1
09-21 16:51:02.820   853  1020 D ThermalEngine: handle_timer_sig: SS Id SS-QUIET-THERM-SILVER2 Read sdm-therm 48896mC, Err -2896mC, SampleCnt 1
09-21 16:51:02.821   853  1020 D ThermalEngine: handle_timer_sig: SS Id SS-QUIET-THERM-SILVER Read sdm-therm 48896mC, Err -4896mC, SampleCnt 1
09-21 16:51:04.825   853  1020 D ThermalEngine: handle_timer_sig: SS Id SS-QUIET-THERM-GOLD2 Read sdm-therm 48831mC, Err -1831mC, SampleCnt 1
09-21 16:51:04.827   853  1020 D ThermalEngine: handle_timer_sig: SS Id SS-QUIET-THERM-GOLD Read sdm-therm 48831mC, Err -3831mC, SampleCnt 1
09-21 16:51:04.828   853  1020 D ThermalEngine: handle_timer_sig: SS Id SS-QUIET-THERM-SILVER3 Read sdm-therm 48896mC, Err -896mC, SampleCnt 1
09-21 16:51:04.829   853  1020 D ThermalEngine: handle_timer_sig: SS Id SS-QUIET-THERM-SILVER2 Read sdm-therm 48896mC, Err -2896mC, SampleCnt 1
09-21 16:51:04.831   853  1020 D ThermalEngine: handle_timer_sig: SS Id SS-QUIET-THERM-SILVER Read sdm-therm 48831mC, Err -4831mC, SampleCnt 1
09-21 16:51:06.834   853  1020 D ThermalEngine: handle_timer_sig: SS Id SS-QUIET-THERM-GOLD2 Read sdm-therm 48831mC, Err -1831mC, SampleCnt 1
09-21 16:51:06.836   853  1020 D ThermalEngine: handle_timer_sig: SS Id SS-QUIET-THERM-GOLD Read sdm-therm 48831mC, Err -3831mC, SampleCnt 1
09-21 16:51:06.837   853  1020 D ThermalEngine: handle_timer_sig: SS Id SS-QUIET-THERM-SILVER3 Read sdm-therm 48831mC, Err -831mC, SampleCnt 1
09-21 16:51:06.839   853  1020 D ThermalEngine: handle_timer_sig: SS Id SS-QUIET-THERM-SILVER2 Read sdm-therm 48831mC, Err -2831mC, SampleCnt 1
09-21 16:51:06.840   853  1020 D ThermalEngine: handle_timer_sig: SS Id SS-QUIET-THERM-SILVER Read sdm-therm 48831mC, Err -4831mC, SampleCnt 1
09-21 16:51:08.843   853  1020 D ThermalEngine: handle_timer_sig: SS Id SS-QUIET-THERM-GOLD2 Read sdm-therm 48831mC, Err -1831mC, SampleCnt 1
09-21 16:51:08.845   853  1020 D ThermalEngine: handle_timer_sig: SS Id SS-QUIET-THERM-GOLD Read sdm-therm 48831mC, Err -3831mC, SampleCnt 1
09-21 16:51:08.846   853  1020 D ThermalEngine: handle_timer_sig: SS Id SS-QUIET-THERM-SILVER3 Read sdm-therm 48831mC, Err -831mC, SampleCnt 1
09-21 16:51:08.848   853  1020 D ThermalEngine: handle_timer_sig: SS Id SS-QUIET-THERM-SILVER2 Read sdm-therm 48831mC, Err -2831mC, SampleCnt 1
09-21 16:51:08.849   853  1020 D ThermalEngine: handle_timer_sig: SS Id SS-QUIET-THERM-SILVER Read sdm-therm 48831mC, Err -4831mC, SampleCnt 1
09-21 16:51:10.851   853  1020 D ThermalEngine: handle_timer_sig: SS Id SS-QUIET-THERM-GOLD2 Read sdm-therm 48831mC, Err -1831mC, SampleCnt 1
09-21 16:51:10.853   853  1020 D ThermalEngine: handle_timer_sig: SS Id SS-QUIET-THERM-GOLD Read sdm-therm 48831mC, Err -3831mC, SampleCnt 1
09-21 16:51:10.854   853  1020 D ThermalEngine: handle_timer_sig: SS Id SS-QUIET-THERM-SILVER3 Read sdm-therm 48831mC, Err -831mC, SampleCnt 1
09-21 16:51:10.858   853  1020 D ThermalEngine: handle_timer_sig: SS Id SS-QUIET-THERM-SILVER2 Read sdm-therm 48831mC, Err -2831mC, SampleCnt 1
09-21 16:51:10.859   853  1020 D ThermalEngine: handle_timer_sig: SS Id SS-QUIET-THERM-SILVER Read sdm-therm 48831mC, Err -4831mC, SampleCnt 1
09-21 16:51:12.861   853  1020 D ThermalEngine: handle_timer_sig: SS Id SS-QUIET-THERM-GOLD2 Read sdm-therm 48831mC, Err -1831mC, SampleCnt 1
09-21 16:51:12.863   853  1020 D ThermalEngine: handle_timer_sig: SS Id SS-QUIET-THERM-GOLD Read sdm-therm 48766mC, Err -3766mC, SampleCnt 1
09-21 16:51:12.864   853  1020 D ThermalEngine: handle_timer_sig: SS Id SS-QUIET-THERM-SILVER3 Read sdm-therm 48831mC, Err -831mC, SampleCnt 1
09-21 16:51:12.865   853  1020 D ThermalEngine: handle_timer_sig: SS Id SS-QUIET-THERM-SILVER2 Read sdm-therm 48766mC, Err -2766mC, SampleCnt 1
09-21 16:51:12.867   853  1020 D ThermalEngine: handle_timer_sig: SS Id SS-QUIET-THERM-SILVER Read sdm-therm 48766mC, Err -4766mC, SampleCnt 1
09-21 16:51:14.870   853  1020 D ThermalEngine: handle_timer_sig: SS Id SS-QUIET-THERM-GOLD2 Read sdm-therm 48766mC, Err -1766mC, SampleCnt 1
09-21 16:51:14.871   853  1020 D ThermalEngine: handle_timer_sig: SS Id SS-QUIET-THERM-GOLD Read sdm-therm 48766mC, Err -3766mC, SampleCnt 1
09-21 16:51:14.872   853  1020 D ThermalEngine: handle_timer_sig: SS Id SS-QUIET-THERM-SILVER3 Read sdm-therm 48766mC, Err -766mC, SampleCnt 1
09-21 16:51:14.874   853  1020 D ThermalEngine: handle_timer_sig: SS Id SS-QUIET-THERM-SILVER2 Read sdm-therm 48766mC, Err -2766mC, SampleCnt 1
09-21 16:51:14.875   853  1020 D ThermalEngine: handle_timer_sig: SS Id SS-QUIET-THERM-SILVER Read sdm-therm 48766mC, Err -4766mC, SampleCnt 1
09-21 16:51:16.877   853  1020 D ThermalEngine: handle_timer_sig: SS Id SS-QUIET-THERM-GOLD2 Read sdm-therm 48831mC, Err -1831mC, SampleCnt 1
09-21 16:51:16.879   853  1020 D ThermalEngine: handle_timer_sig: SS Id SS-QUIET-THERM-GOLD Read sdm-therm 48831mC, Err -3831mC, SampleCnt 1
09-21 16:51:16.880   853  1020 D ThermalEngine: handle_timer_sig: SS Id SS-QUIET-THERM-SILVER3 Read sdm-therm 48831mC, Err -831mC, SampleCnt 1
09-21 16:51:16.883   853  1020 D ThermalEngine: handle_timer_sig: SS Id SS-QUIET-THERM-SILVER2 Read sdm-therm 48831mC, Err -2831mC, SampleCnt 1
09-21 16:51:16.884   853  1020 D ThermalEngine: handle_timer_sig: SS Id SS-QUIET-THERM-SILVER Read sdm-therm 48831mC, Err -4831mC, SampleCnt 1
09-21 16:51:18.887   853  1020 D ThermalEngine: handle_timer_sig: SS Id SS-QUIET-THERM-GOLD2 Read sdm-therm 48766mC, Err -1766mC, SampleCnt 1
09-21 16:51:18.888   853  1020 D ThermalEngine: handle_timer_sig: SS Id SS-QUIET-THERM-GOLD Read sdm-therm 48766mC, Err -3766mC, SampleCnt 1
09-21 16:51:18.889   853  1020 D ThermalEngine: handle_timer_sig: SS Id SS-QUIET-THERM-SILVER3 Read sdm-therm 48831mC, Err -831mC, SampleCnt 1
09-21 16:51:18.891   853  1020 D ThermalEngine: handle_timer_sig: SS Id SS-QUIET-THERM-SILVER2 Read sdm-therm 48766mC, Err -2766mC, SampleCnt 1
09-21 16:51:18.892   853  1020 D ThermalEngine: handle_timer_sig: SS Id SS-QUIET-THERM-SILVER Read sdm-therm 48766mC, Err -4766mC, SampleCnt 1
09-21 16:51:20.894   853  1020 D ThermalEngine: handle_timer_sig: SS Id SS-QUIET-THERM-GOLD2 Read sdm-therm 48766mC, Err -1766mC, SampleCnt 1
09-21 16:51:20.896   853  1020 D ThermalEngine: handle_timer_sig: SS Id SS-QUIET-THERM-GOLD Read sdm-therm 48831mC, Err -3831mC, SampleCnt 1
09-21 16:51:20.897   853  1020 D ThermalEngine: handle_timer_sig: SS Id SS-QUIET-THERM-SILVER3 Read sdm-therm 48831mC, Err -831mC, SampleCnt 1
09-21 16:51:20.899   853  1020 D ThermalEngine: handle_timer_sig: SS Id SS-QUIET-THERM-SILVER2 Read sdm-therm 48766mC, Err -2766mC, SampleCnt 1
09-21 16:51:20.900   853  1020 D ThermalEngine: handle_timer_sig: SS Id SS-QUIET-THERM-SILVER Read sdm-therm 48766mC, Err -4766mC, SampleCnt 1
09-21 16:51:22.902   853  1020 D ThermalEngine: handle_timer_sig: SS Id SS-QUIET-THERM-GOLD2 Read sdm-therm 48831mC, Err -1831mC, SampleCnt 1
09-21 16:51:22.904   853  1020 D ThermalEngine: handle_timer_sig: SS Id SS-QUIET-THERM-GOLD Read sdm-therm 48766mC, Err -3766mC, SampleCnt 1
09-21 16:51:22.905   853  1020 D ThermalEngine: handle_timer_sig: SS Id SS-QUIET-THERM-SILVER3 Read sdm-therm 48831mC, Err -831mC, SampleCnt 1
09-21 16:51:22.906   853  1020 D ThermalEngine: handle_timer_sig: SS Id SS-QUIET-THERM-SILVER2 Read sdm-therm 48831mC, Err -2831mC, SampleCnt 1
09-21 16:51:22.908   853  1020 D ThermalEngine: handle_timer_sig: SS Id SS-QUIET-THERM-SILVER Read sdm-therm 48766mC, Err -4766mC, SampleCnt 1
09-21 16:51:24.910   853  1020 D ThermalEngine: handle_timer_sig: SS Id SS-QUIET-THERM-GOLD2 Read sdm-therm 48766mC, Err -1766mC, SampleCnt 1
09-21 16:51:24.912   853  1020 D ThermalEngine: handle_timer_sig: SS Id SS-QUIET-THERM-GOLD Read sdm-therm 48766mC, Err -3766mC, SampleCnt 1
09-21 16:51:24.914   853  1020 D ThermalEngine: handle_timer_sig: SS Id SS-QUIET-THERM-SILVER3 Read sdm-therm 48831mC, Err -831mC, SampleCnt 1
09-21 16:51:24.916   853  1020 D ThermalEngine: handle_timer_sig: SS Id SS-QUIET-THERM-SILVER2 Read sdm-therm 48766mC, Err -2766mC, SampleCnt 1
09-21 16:51:24.917   853  1020 D ThermalEngine: handle_timer_sig: SS Id SS-QUIET-THERM-SILVER Read sdm-therm 48766mC, Err -4766mC, SampleCnt 1
09-21 16:51:26.932   853  1020 D ThermalEngine: handle_timer_sig: SS Id SS-QUIET-THERM-GOLD2 Read sdm-therm 48766mC, Err -1766mC, SampleCnt 1
09-21 16:51:26.938   853  1020 D ThermalEngine: handle_timer_sig: SS Id SS-QUIET-THERM-GOLD Read sdm-therm 48766mC, Err -3766mC, SampleCnt 1
09-21 16:51:26.939   853  1020 D ThermalEngine: handle_timer_sig: SS Id SS-QUIET-THERM-SILVER3 Read sdm-therm 48766mC, Err -766mC, SampleCnt 1
09-21 16:51:26.940   853  1020 D ThermalEngine: handle_timer_sig: SS Id SS-QUIET-THERM-SILVER2 Read sdm-therm 48766mC, Err -2766mC, SampleCnt 1
09-21 16:51:26.942   853  1020 D ThermalEngine: handle_timer_sig: SS Id SS-QUIET-THERM-SILVER Read sdm-therm 48766mC, Err -4766mC, SampleCnt 1
