INFO     2023-10-24 08:48:30 [commons.case_util:26]  : extrac_data={'csrf_token': '864fcf78b1c75757', 'encrypt_error_code': 'no data', 'encrypt_message': 'no data', 'referer': 'http%3A%2F%2F47.107.116.139%2Fphpwind%2Findex.php%3Fm%3Du%26c%3Dlogin%26a%3Dwelcome%26_statu%3Db2lLMjh6SVZVUklOSThQQkNscDI0cTVCOXpVJTJCUFdibWFUd1RXTm8zcWZMa0YwYmJvczRQJTJGSlhOZUJrVmJXRzlVZkZKbGo4V1lmYyUzRHxodHRwOi8vNDcuMTA3LjExNi4xMzkvcGhwd2luZC98', 'resp_headers': 'no data', 'session_access_token': 'no data', 'state': 'fail', 'tid_fid': '', 'wx_errcode': 40001, 'wx_tag_id': 'no data'}
INFO     2023-10-24 08:48:30 [commons.case_util:35]  : 从. 加载到 1个yaml文件：
INFO     2023-10-24 08:48:30 [commons.case_util:36]  : [WindowsPath('tests/test_1_正向用例.yaml')]
INFO     2023-10-24 08:48:30 [commons.case_util:78]  : 共加载到用例：1个
INFO     2023-10-24 08:48:30 [pytest_result_log:103]  : -----------Start: tests/test_case.py::test_[正向用例]-----------
INFO     2023-10-24 08:48:30 [commons.allure_util:39]  : 设置了以下allure标注: ['epci', 'feature', 'story', 'title']
INFO     2023-10-24 08:48:30 [session:41]  : 请求方法: GET
INFO     2023-10-24 08:48:30 [session:42]  : 接口地址: http://baidu.com
INFO     2023-10-24 08:48:30 [session:43]  : params: {}
INFO     2023-10-24 08:48:30 [session:44]  : 请求头: {'b': '2'}
INFO     2023-10-24 08:48:30 [session:45]  : cookies: <RequestsCookieJar[]>
INFO     2023-10-24 08:48:30 [session:46]  : 请求正文:
INFO     2023-10-24 08:48:30 [session:47]  : json: None
INFO     2023-10-24 08:48:30 [session:48]  : data: {'a': 1}
INFO     2023-10-24 08:48:30 [session:49]  : files: None
INFO     2023-10-24 08:48:30 [session:76]  : 状态码：200
INFO     2023-10-24 08:48:30 [session:77]  : 响应头：{'Date': 'Tue, 24 Oct 2023 00:48:28 GMT', 'Server': 'Apache', 'Last-Modified': 'Tue, 12 Jan 2010 13:48:00 GMT', 'ETag': '"51-47cf7e6ee8400"', 'Accept-Ranges': 'bytes', 'Content-Length': '81', 'Cache-Control': 'max-age=86400', 'Expires': 'Wed, 25 Oct 2023 00:48:28 GMT', 'Connection': 'Keep-Alive', 'Content-Type': 'text/html'}
INFO     2023-10-24 08:48:30 [session:78]  : 响应正文：<html>
<meta http-equiv="refresh" content="0;url=http://www.baidu.com/">
</html>

INFO     2023-10-24 08:48:30 [commons.case_util:130]  : 提取到变量 resp_headers = no data
INFO     2023-10-24 08:48:30 [commons.case_util:142]  : 这是相等断言 {'断言状态码等于200': ['status_code', 200]}
INFO     2023-10-24 08:48:30 [commons.case_util:154]  : 200== 200, 断言状态码等于200
INFO     2023-10-24 08:48:30 [pytest_result_log:170]  : test status is PASSED (tests/test_case.py::test_[正向用例]): 
INFO     2023-10-24 08:48:30 [pytest_result_log:108]  : ------------End: tests/test_case.py::test_[正向用例]------------
INFO     2023-10-24 08:48:30 [pytest_result_log:103]  : ------------Start: tests/test_web.xlsx::登录::错误密码------------
INFO     2023-10-24 08:48:38 [commons.kdt:105]  : 开始断言:  密码错误 equal ${msg}
INFO     2023-10-24 08:48:38 [commons.kdt:112]  : 密码错误 == 密码错误
INFO     2023-10-24 08:48:38 [pytest_result_log:170]  : test status is PASSED (tests/test_web.xlsx::登录::错误密码): 
INFO     2023-10-24 08:48:38 [pytest_result_log:108]  : -------------End: tests/test_web.xlsx::登录::错误密码-------------
